This file contains any messages produced by compilers while
running configure, to aid debugging if configure makes a mistake.

It was created by probe configure 0.1, which was
generated by GNU Autoconf 2.69.  Invocation command line was

  $ ./configure 

## --------- ##
## Platform. ##
## --------- ##

hostname = ameise
uname -m = i686
uname -r = 3.14.48-1-lts
uname -s = Linux
uname -v = #1 SMP Fri Jul 10 21:34:00 CEST 2015

/usr/bin/uname -p = unknown
/bin/uname -X     = unknown

/bin/arch              = unknown
/usr/bin/arch -k       = unknown
/usr/convex/getsysinfo = unknown
/usr/bin/hostinfo      = unknown
/bin/machine           = unknown
/usr/bin/oslevel       = unknown
/bin/universe          = unknown

PATH: /opt/portage/bin
PATH: /home/jfischer/spc/bob
PATH: /usr/local/sbin
PATH: /usr/local/bin
PATH: /usr/bin
PATH: /usr/lib/jvm/default/bin
PATH: /usr/bin/site_perl
PATH: /usr/bin/vendor_perl
PATH: /usr/bin/core_perl
PATH: /home/jfischer/bin
PATH: /home/jfischer/klocwork/bin


## ----------- ##
## Core tests. ##
## ----------- ##

configure:1832: checking for a BSD-compatible install
configure:1900: result: /usr/bin/install -c
configure:1911: checking whether build environment is sane
configure:1966: result: yes
configure:2117: checking for a thread-safe mkdir -p
configure:2156: result: /usr/bin/mkdir -p
configure:2163: checking for gawk
configure:2179: found /usr/bin/gawk
configure:2190: result: gawk
configure:2201: checking whether make sets $(MAKE)
configure:2223: result: yes
configure:2252: checking whether make supports nested variables
configure:2269: result: yes
configure:2453: checking for g++
configure:2469: found /usr/bin/g++
configure:2480: result: g++
configure:2507: checking for C++ compiler version
configure:2516: g++ --version >&5
g++ (GCC) 5.2.0
Copyright (C) 2015 Free Software Foundation, Inc.
This is free software; see the source for copying conditions.  There is NO
warranty; not even for MERCHANTABILITY or FITNESS FOR A PARTICULAR PURPOSE.

configure:2527: $? = 0
configure:2516: g++ -v >&5
Using built-in specs.
COLLECT_GCC=g++
COLLECT_LTO_WRAPPER=/usr/lib/gcc/i686-pc-linux-gnu/5.2.0/lto-wrapper
Target: i686-pc-linux-gnu
Configured with: /build/gcc/src/gcc-5.2.0/configure --prefix=/usr --libdir=/usr/lib --libexecdir=/usr/lib --mandir=/usr/share/man --infodir=/usr/share/info --with-bugurl=https://bugs.archlinux.org/ --enable-languages=c,c++,ada,fortran,go,lto,objc,obj-c++ --enable-shared --enable-threads=posix --enable-libmpx --with-system-zlib --with-isl --enable-__cxa_atexit --disable-libunwind-exceptions --enable-clocale=gnu --disable-libstdcxx-pch --disable-libssp --enable-gnu-unique-object --enable-linker-build-id --enable-lto --enable-plugin --enable-install-libiberty --with-linker-hash-style=gnu --enable-gnu-indirect-function --disable-multilib --disable-werror --enable-checking=release --with-default-libstdcxx-abi=gcc4-compatible
Thread model: posix
gcc version 5.2.0 (GCC) 
configure:2527: $? = 0
configure:2516: g++ -V >&5
g++: error: unrecognized command line option '-V'
g++: fatal error: no input files
compilation terminated.
configure:2527: $? = 1
configure:2516: g++ -qversion >&5
g++: error: unrecognized command line option '-qversion'
g++: fatal error: no input files
compilation terminated.
configure:2527: $? = 1
configure:2547: checking whether the C++ compiler works
configure:2569: g++    conftest.cpp  >&5
configure:2573: $? = 0
configure:2621: result: yes
configure:2624: checking for C++ compiler default output file name
configure:2626: result: a.out
configure:2632: checking for suffix of executables
configure:2639: g++ -o conftest    conftest.cpp  >&5
configure:2643: $? = 0
configure:2665: result: 
configure:2687: checking whether we are cross compiling
configure:2695: g++ -o conftest    conftest.cpp  >&5
configure:2699: $? = 0
configure:2706: ./conftest
configure:2710: $? = 0
configure:2725: result: no
configure:2730: checking for suffix of object files
configure:2752: g++ -c   conftest.cpp >&5
configure:2756: $? = 0
configure:2777: result: o
configure:2781: checking whether we are using the GNU C++ compiler
configure:2800: g++ -c   conftest.cpp >&5
configure:2800: $? = 0
configure:2809: result: yes
configure:2818: checking whether g++ accepts -g
configure:2838: g++ -c -g  conftest.cpp >&5
configure:2838: $? = 0
configure:2879: result: yes
configure:2913: checking for style of include used by make
configure:2941: result: GNU
configure:2967: checking dependency style of g++
configure:3078: result: gcc3
configure:3206: checking that generated files are newer than configure
configure:3212: result: done
configure:3235: creating ./config.status

## ---------------------- ##
## Running config.status. ##
## ---------------------- ##

This file was extended by probe config.status 0.1, which was
generated by GNU Autoconf 2.69.  Invocation command line was

  CONFIG_FILES    = 
  CONFIG_HEADERS  = 
  CONFIG_LINKS    = 
  CONFIG_COMMANDS = 
  $ ./config.status 

on ameise

config.status:839: creating Makefile
config.status:839: creating config.h
config.status:1068: executing depfiles commands

## ---------------- ##
## Cache variables. ##
## ---------------- ##

ac_cv_cxx_compiler_gnu=yes
ac_cv_env_CCC_set=
ac_cv_env_CCC_value=
ac_cv_env_CPPFLAGS_set=
ac_cv_env_CPPFLAGS_value=
ac_cv_env_CXXFLAGS_set=
ac_cv_env_CXXFLAGS_value=
ac_cv_env_CXX_set=
ac_cv_env_CXX_value=
ac_cv_env_LDFLAGS_set=
ac_cv_env_LDFLAGS_value=
ac_cv_env_LIBS_set=
ac_cv_env_LIBS_value=
ac_cv_env_build_alias_set=
ac_cv_env_build_alias_value=
ac_cv_env_host_alias_set=
ac_cv_env_host_alias_value=
ac_cv_env_target_alias_set=
ac_cv_env_target_alias_value=
ac_cv_objext=o
ac_cv_path_install='/usr/bin/install -c'
ac_cv_path_mkdir=/usr/bin/mkdir
ac_cv_prog_AWK=gawk
ac_cv_prog_ac_ct_CXX=g++
ac_cv_prog_cxx_g=yes
ac_cv_prog_make_make_set=yes
am_cv_CXX_dependencies_compiler_type=gcc3
am_cv_make_support_nested_variables=yes

## ----------------- ##
## Output variables. ##
## ----------------- ##

ACLOCAL='${SHELL} /home/jfischer/work/clang/probe/2/probe/missing aclocal-1.15'
AMDEPBACKSLASH='\'
AMDEP_FALSE='#'
AMDEP_TRUE=''
AMTAR='$${TAR-tar}'
AM_BACKSLASH='\'
AM_DEFAULT_V='$(AM_DEFAULT_VERBOSITY)'
AM_DEFAULT_VERBOSITY='1'
AM_V='$(V)'
AUTOCONF='${SHELL} /home/jfischer/work/clang/probe/2/probe/missing autoconf'
AUTOHEADER='${SHELL} /home/jfischer/work/clang/probe/2/probe/missing autoheader'
AUTOMAKE='${SHELL} /home/jfischer/work/clang/probe/2/probe/missing automake-1.15'
AWK='gawk'
CPPFLAGS=''
CXX='g++'
CXXDEPMODE='depmode=gcc3'
CXXFLAGS='-g -O2'
CYGPATH_W='echo'
DEFS='-DHAVE_CONFIG_H'
DEPDIR='.deps'
ECHO_C=''
ECHO_N='-n'
ECHO_T=''
EXEEXT=''
INSTALL_DATA='${INSTALL} -m 644'
INSTALL_PROGRAM='${INSTALL}'
INSTALL_SCRIPT='${INSTALL}'
INSTALL_STRIP_PROGRAM='$(install_sh) -c -s'
LDFLAGS=''
LIBOBJS=''
LIBS=''
LTLIBOBJS=''
MAKEINFO='${SHELL} /home/jfischer/work/clang/probe/2/probe/missing makeinfo'
MKDIR_P='/usr/bin/mkdir -p'
OBJEXT='o'
PACKAGE='probe'
PACKAGE_BUGREPORT='jfischer@technisat.de'
PACKAGE_NAME='probe'
PACKAGE_STRING='probe 0.1'
PACKAGE_TARNAME='probe'
PACKAGE_URL=''
PACKAGE_VERSION='0.1'
PATH_SEPARATOR=':'
SET_MAKE=''
SHELL='/bin/sh'
STRIP=''
VERSION='0.1'
ac_ct_CXX='g++'
am__EXEEXT_FALSE=''
am__EXEEXT_TRUE='#'
am__fastdepCXX_FALSE='#'
am__fastdepCXX_TRUE=''
am__include='include'
am__isrc=''
am__leading_dot='.'
am__nodep='_no'
am__quote=''
am__tar='$${TAR-tar} chof - "$$tardir"'
am__untar='$${TAR-tar} xf -'
bindir='${exec_prefix}/bin'
build_alias=''
datadir='${datarootdir}'
datarootdir='${prefix}/share'
docdir='${datarootdir}/doc/${PACKAGE_TARNAME}'
dvidir='${docdir}'
exec_prefix='${prefix}'
host_alias=''
htmldir='${docdir}'
includedir='${prefix}/include'
infodir='${datarootdir}/info'
install_sh='${SHELL} /home/jfischer/work/clang/probe/2/probe/install-sh'
libdir='${exec_prefix}/lib'
libexecdir='${exec_prefix}/libexec'
localedir='${datarootdir}/locale'
localstatedir='${prefix}/var'
mandir='${datarootdir}/man'
mkdir_p='$(MKDIR_P)'
oldincludedir='/usr/include'
pdfdir='${docdir}'
prefix='/usr/local'
program_transform_name='s,x,x,'
psdir='${docdir}'
sbindir='${exec_prefix}/sbin'
sharedstatedir='${prefix}/com'
sysconfdir='${prefix}/etc'
target_alias=''

## ----------- ##
## confdefs.h. ##
## ----------- ##

/* confdefs.h */
#define PACKAGE_NAME "probe"
#define PACKAGE_TARNAME "probe"
#define PACKAGE_VERSION "0.1"
#define PACKAGE_STRING "probe 0.1"
#define PACKAGE_BUGREPORT "jfischer@technisat.de"
#define PACKAGE_URL ""
#define PACKAGE "probe"
#define VERSION "0.1"

configure: exit 0
